2024-06-17 22:53:06 - [I] Starting Application...
2024-06-17 22:53:17 - [*] Received file: Ayala, Dwight MD - CV-done.docx with type
2024-06-17 22:53:17 - [I] API key loaded successfully.
2024-06-17 22:53:17 - Notify frontend: {"filename": "Ayala, Dwight MD - CV-done.docx", "status": "in progress"}


2024-06-17 22:53:19 - [S] Pre-processing Ayala, Dwight MD - CV-done.docx...
2024-06-17 22:53:44 - [*] Received file: Ayala, Dwight MD - CV.pdf with type
2024-06-17 22:53:44 - [I] API key loaded successfully.
2024-06-17 22:53:44 - Notify frontend: {"filename": "Ayala, Dwight MD - CV.pdf", "status": "in progress"}


2024-06-17 22:53:57 - [S] Pre-processing Ayala, Dwight MD - CV.pdf...
2024-06-17 22:53:58 - [D] Extracting ResumeMetadata took 39.22707462310791 seconds for Ayala, Dwight MD - CV-done.docx | start_time:1718689999.0082648
2024-06-17 22:53:58 - [S] Extracting personal and educational details Ayala, Dwight MD - CV-done.docx...
2024-06-17 22:53:58 - [S] Extracting work experience Ayala, Dwight MD - CV-done.docx...
2024-06-17 22:53:58 - [S] Extracting licenses and certifications Ayala, Dwight MD - CV-done.docx...
2024-06-17 22:53:59 - [D] Extracting work experience took 1.5077672004699707 seconds for Ayala, Dwight MD - CV-done.docx | start_time:1718690038.2569294
2024-06-17 22:54:01 - [D] Extracting licenses and certifications took 2.986704111099243 seconds for Ayala, Dwight MD - CV-done.docx | start_time:1718690038.2620952
2024-06-17 22:54:09 - [D] Extracting personal and educational details took 11.675058603286743 seconds for Ayala, Dwight MD - CV-done.docx | start_time:1718690038.237501
2024-06-17 22:54:09 - [F] Detail Extraction took 11.677221059799194 for Ayala, Dwight MD - CV-done.docx.
2024-06-17 22:54:09 - [S] Formatting the data!
2024-06-17 22:54:09 - [S] Formatting personal details Ayala, Dwight MD - CV-done.docx...
2024-06-17 22:54:09 - [D] Formating personal details took 3.337860107421875e-06 seconds for Ayala, Dwight MD - CV-done.docx | start_time:1718690049.9133754
2024-06-17 22:54:09 - [S] Formatting work experience Ayala, Dwight MD - CV-done.docx...
2024-06-17 22:54:09 - [S] Formatting educational details Ayala, Dwight MD - CV-done.docx...
2024-06-17 22:54:09 - [D] Formating educational details took 5.030632019042969e-05 seconds for Ayala, Dwight MD - CV-done.docx | start_time:1718690049.9237251
2024-06-17 22:54:09 - [S] Formatting licenses and certifications Ayala, Dwight MD - CV-done.docx...
2024-06-17 22:54:09 - [D] Formating licenses and certifications took 2.1696090698242188e-05 seconds for Ayala, Dwight MD - CV-done.docx | start_time:1718690049.929385
2024-06-17 22:54:11 - [D] Formating work experience took 1.5851869583129883 seconds for Ayala, Dwight MD - CV-done.docx | start_time:1718690049.9134405
2024-06-17 22:54:11 - [S] Formatting final template Ayala, Dwight MD - CV-done.docx...
2024-06-17 22:54:11 - [D] Formating final template took 5.4836273193359375e-06 seconds for Ayala, Dwight MD - CV-done.docx | start_time:1718690051.4997048
2024-06-17 22:54:11 - [F] Formatting file Ayala, Dwight MD - CV-done.docx took 1.58687424659729 seconds!
2024-06-17 22:54:11 - [F] Processing file Ayala, Dwight MD - CV-done.docx took 52.57566857337952 seconds
2024-06-17 22:54:13 - Notify frontend: {"filename": "Ayala, Dwight MD - CV-done.docx", "status": "error"}


2024-06-17 22:54:52 - [D] Extracting ResumeMetadata took 54.83463978767395 seconds for Ayala, Dwight MD - CV.pdf | start_time:1718690037.7840738
2024-06-17 22:54:52 - [S] Extracting personal and educational details Ayala, Dwight MD - CV.pdf...
2024-06-17 22:54:52 - [S] Extracting licenses and certifications Ayala, Dwight MD - CV.pdf...
2024-06-17 22:54:52 - [S] Extracting work experience Ayala, Dwight MD - CV.pdf...
2024-06-17 22:54:53 - [D] Extracting work experience took 0.7978658676147461 seconds for Ayala, Dwight MD - CV.pdf | start_time:1718690092.6364326
2024-06-17 22:54:55 - [D] Extracting licenses and certifications took 3.2315587997436523 seconds for Ayala, Dwight MD - CV.pdf | start_time:1718690092.6313202
2024-06-17 22:55:03 - [D] Extracting personal and educational details took 10.755314588546753 seconds for Ayala, Dwight MD - CV.pdf | start_time:1718690092.6199174
2024-06-17 22:55:03 - [F] Detail Extraction took 10.757163047790527 for Ayala, Dwight MD - CV.pdf.
2024-06-17 22:55:03 - [S] Formatting the data!
2024-06-17 22:55:03 - [S] Formatting personal details Ayala, Dwight MD - CV.pdf...
2024-06-17 22:55:03 - [D] Formating personal details took 1.0013580322265625e-05 seconds for Ayala, Dwight MD - CV.pdf | start_time:1718690103.3772676
2024-06-17 22:55:03 - [S] Formatting educational details Ayala, Dwight MD - CV.pdf...
2024-06-17 22:55:03 - [D] Formating educational details took 3.123283386230469e-05 seconds for Ayala, Dwight MD - CV.pdf | start_time:1718690103.3774676
2024-06-17 22:55:03 - [S] Formatting work experience Ayala, Dwight MD - CV.pdf...
2024-06-17 22:55:03 - [S] Formatting licenses and certifications Ayala, Dwight MD - CV.pdf...
2024-06-17 22:55:03 - [D] Formating licenses and certifications took 3.504753112792969e-05 seconds for Ayala, Dwight MD - CV.pdf | start_time:1718690103.3903306
2024-06-17 22:55:06 - [D] Formating work experience took 2.877962589263916 seconds for Ayala, Dwight MD - CV.pdf | start_time:1718690103.378442
2024-06-17 22:55:06 - [S] Formatting final template Ayala, Dwight MD - CV.pdf...
2024-06-17 22:55:06 - [D] Formating final template took 6.67572021484375e-06 seconds for Ayala, Dwight MD - CV.pdf | start_time:1718690106.257645
2024-06-17 22:55:06 - [F] Formatting file Ayala, Dwight MD - CV.pdf took 2.881342887878418 seconds!
2024-06-17 22:55:06 - [F] Processing file Ayala, Dwight MD - CV.pdf took 80.74730920791626 seconds
2024-06-17 22:55:06 - Notify frontend: {"filename": "Ayala, Dwight MD - CV.pdf", "status": "error"}


2024-06-17 23:00:04 - [*] Received file: Ayala, Dwight MD - CV.pdf with type
2024-06-17 23:00:04 - [I] API key loaded successfully.
2024-06-17 23:00:04 - Notify frontend: {"filename": "Ayala, Dwight MD - CV.pdf", "status": "in progress"}


2024-06-17 23:00:17 - [S] Pre-processing Ayala, Dwight MD - CV.pdf...
2024-06-17 23:01:01 - [D] Extracting ResumeMetadata took 43.91546273231506 seconds for Ayala, Dwight MD - CV.pdf | start_time:1718690417.4945674
2024-06-17 23:01:01 - [S] Extracting personal and educational details Ayala, Dwight MD - CV.pdf...
2024-06-17 23:01:01 - [S] Extracting work experience Ayala, Dwight MD - CV.pdf...
2024-06-17 23:01:01 - [S] Extracting licenses and certifications Ayala, Dwight MD - CV.pdf...
2024-06-17 23:01:02 - [D] Extracting work experience took 0.804694652557373 seconds for Ayala, Dwight MD - CV.pdf | start_time:1718690461.4165912
2024-06-17 23:01:05 - [D] Extracting licenses and certifications took 3.9894840717315674 seconds for Ayala, Dwight MD - CV.pdf | start_time:1718690461.4318333
2024-06-17 23:01:09 - [D] Extracting personal and educational details took 8.508288383483887 seconds for Ayala, Dwight MD - CV.pdf | start_time:1718690461.410806
2024-06-17 23:01:09 - [F] Detail Extraction took 8.509357452392578 for Ayala, Dwight MD - CV.pdf.
2024-06-17 23:01:09 - [S] Formatting the data!
2024-06-17 23:01:09 - [S] Formatting personal details Ayala, Dwight MD - CV.pdf...
2024-06-17 23:01:09 - [D] Formating personal details took 3.0994415283203125e-06 seconds for Ayala, Dwight MD - CV.pdf | start_time:1718690469.9202032
2024-06-17 23:01:09 - [S] Formatting work experience Ayala, Dwight MD - CV.pdf...
2024-06-17 23:01:09 - [S] Formatting educational details Ayala, Dwight MD - CV.pdf...
2024-06-17 23:01:09 - [D] Formating educational details took 1.33514404296875e-05 seconds for Ayala, Dwight MD - CV.pdf | start_time:1718690469.933972
2024-06-17 23:01:09 - [S] Formatting licenses and certifications Ayala, Dwight MD - CV.pdf...
2024-06-17 23:01:09 - [D] Formating licenses and certifications took 1.3589859008789062e-05 seconds for Ayala, Dwight MD - CV.pdf | start_time:1718690469.938579
2024-06-17 23:01:16 - [D] Formating work experience took 7.063157796859741 seconds for Ayala, Dwight MD - CV.pdf | start_time:1718690469.9212995
2024-06-17 23:01:16 - [S] Formatting final template Ayala, Dwight MD - CV.pdf...
2024-06-17 23:01:16 - [D] Formating final template took 4.76837158203125e-06 seconds for Ayala, Dwight MD - CV.pdf | start_time:1718690476.9856794
2024-06-17 23:01:16 - [F] Formatting file Ayala, Dwight MD - CV.pdf took 7.0660560131073 seconds!
2024-06-17 23:01:17 - [F] Processing file Ayala, Dwight MD - CV.pdf took 71.71623587608337 seconds
2024-06-17 23:01:17 - Notify frontend: {"filename": "Ayala, Dwight MD - CV.pdf", "status": "error"}


2024-06-18 11:14:38 - [I] Starting Application...
2024-06-18 11:15:41 - [*] Received file: Pancholy, Neha MD - CV.pdf with type
2024-06-18 11:15:41 - [I] API key loaded successfully.
2024-06-18 11:15:41 - Notify frontend: {"filename": "Pancholy, Neha MD - CV.pdf", "status": "in progress"}


2024-06-18 11:15:42 - [S] Pre-processing Pancholy, Neha MD - CV.pdf...
2024-06-18 11:15:51 - [D] Extracting ResumeMetadata took 9.138437032699585 seconds for Pancholy, Neha MD - CV.pdf | start_time:1718734542.3705509
2024-06-18 11:15:51 - [S] Extracting personal and educational details Pancholy, Neha MD - CV.pdf...
2024-06-18 11:15:51 - [S] Extracting work experience Pancholy, Neha MD - CV.pdf...
2024-06-18 11:15:51 - [S] Extracting licenses and certifications Pancholy, Neha MD - CV.pdf...
2024-06-18 11:15:52 - [D] Extracting work experience took 1.171264410018921 seconds for Pancholy, Neha MD - CV.pdf | start_time:1718734551.5309467
2024-06-18 11:15:54 - [D] Extracting licenses and certifications took 2.692866325378418 seconds for Pancholy, Neha MD - CV.pdf | start_time:1718734551.5257514
2024-06-18 11:15:58 - [D] Extracting personal and educational details took 7.130419015884399 seconds for Pancholy, Neha MD - CV.pdf | start_time:1718734551.5112734
2024-06-18 11:15:58 - [F] Detail Extraction took 7.132811069488525 for Pancholy, Neha MD - CV.pdf.
2024-06-18 11:15:58 - [S] Formatting the data!
2024-06-18 11:15:58 - [S] Formatting personal details Pancholy, Neha MD - CV.pdf...
2024-06-18 11:15:58 - [D] Formating personal details took 5.245208740234375e-06 seconds for Pancholy, Neha MD - CV.pdf | start_time:1718734558.6426368
2024-06-18 11:15:58 - [S] Formatting licenses and certifications Pancholy, Neha MD - CV.pdf...
2024-06-18 11:15:58 - [S] Formatting work experience Pancholy, Neha MD - CV.pdf...
2024-06-18 11:15:58 - [S] Formatting educational details Pancholy, Neha MD - CV.pdf...
2024-06-18 11:15:58 - [D] Formating licenses and certifications took 1.0967254638671875e-05 seconds for Pancholy, Neha MD - CV.pdf | start_time:1718734558.643045
2024-06-18 11:15:58 - [D] Formating educational details took 1.52587890625e-05 seconds for Pancholy, Neha MD - CV.pdf | start_time:1718734558.6454818
2024-06-18 11:15:58 - [D] Formating work experience took 0.024429798126220703 seconds for Pancholy, Neha MD - CV.pdf | start_time:1718734558.6430945
2024-06-18 11:15:58 - [S] Formatting final template Pancholy, Neha MD - CV.pdf...
2024-06-18 11:15:58 - [D] Formating final template took 2.6226043701171875e-06 seconds for Pancholy, Neha MD - CV.pdf | start_time:1718734558.6680317
2024-06-18 11:15:58 - [F] Formatting file Pancholy, Neha MD - CV.pdf took 0.025842905044555664 seconds!
2024-06-18 11:15:58 - [F] Processing file Pancholy, Neha MD - CV.pdf took 16.499406576156616 seconds
2024-06-18 11:16:00 - Notify frontend: {"filename": "Pancholy, Neha MD - CV.pdf", "status": "error"}


2024-06-18 11:24:49 - [I] Starting Application...
2024-06-18 11:26:52 - [*] Received file: Stechschulte, Donald MD - CV.pdf with type
2024-06-18 11:26:52 - [I] API key loaded successfully.
2024-06-18 11:26:52 - Notify frontend: {"filename": "Stechschulte, Donald MD - CV.pdf", "status": "in progress"}


2024-06-18 11:26:53 - [S] Pre-processing Stechschulte, Donald MD - CV.pdf...
2024-06-18 11:27:03 - [D] Extracting ResumeMetadata took 9.635266065597534 seconds for Stechschulte, Donald MD - CV.pdf | start_time:1718735213.7073581
2024-06-18 11:27:03 - [S] Extracting work experience Stechschulte, Donald MD - CV.pdf...
2024-06-18 11:27:03 - [S] Extracting personal and educational details Stechschulte, Donald MD - CV.pdf...
2024-06-18 11:27:03 - [S] Extracting licenses and certifications Stechschulte, Donald MD - CV.pdf...
2024-06-18 11:27:04 - [D] Extracting work experience took 0.9345917701721191 seconds for Stechschulte, Donald MD - CV.pdf | start_time:1718735223.3439457
2024-06-18 11:27:04 - [D] Extracting licenses and certifications took 1.4466590881347656 seconds for Stechschulte, Donald MD - CV.pdf | start_time:1718735223.3548946
2024-06-18 11:27:09 - [D] Extracting personal and educational details took 6.027610540390015 seconds for Stechschulte, Donald MD - CV.pdf | start_time:1718735223.349105
2024-06-18 11:27:09 - [F] Detail Extraction took 6.0345847606658936 for Stechschulte, Donald MD - CV.pdf.
2024-06-18 11:27:09 - [S] Formatting the data!
2024-06-18 11:27:09 - [S] Formatting personal details Stechschulte, Donald MD - CV.pdf...
2024-06-18 11:27:09 - [D] Formating personal details took 3.814697265625e-06 seconds for Stechschulte, Donald MD - CV.pdf | start_time:1718735229.3779314
2024-06-18 11:27:09 - [S] Formatting educational details Stechschulte, Donald MD - CV.pdf...
2024-06-18 11:27:09 - [D] Formating educational details took 1.1205673217773438e-05 seconds for Stechschulte, Donald MD - CV.pdf | start_time:1718735229.3782625
2024-06-18 11:27:09 - [S] Formatting work experience Stechschulte, Donald MD - CV.pdf...
2024-06-18 11:27:09 - [S] Formatting licenses and certifications Stechschulte, Donald MD - CV.pdf...
2024-06-18 11:27:09 - [D] Formating licenses and certifications took 9.298324584960938e-06 seconds for Stechschulte, Donald MD - CV.pdf | start_time:1718735229.382506
2024-06-18 11:27:16 - [D] Formating work experience took 7.078979253768921 seconds for Stechschulte, Donald MD - CV.pdf | start_time:1718735229.3785725
2024-06-18 11:27:16 - [S] Formatting final template Stechschulte, Donald MD - CV.pdf...
2024-06-18 11:27:16 - [D] Formating final template took 1.0728836059570312e-05 seconds for Stechschulte, Donald MD - CV.pdf | start_time:1718735236.4581633
2024-06-18 11:27:16 - [F] Formatting file Stechschulte, Donald MD - CV.pdf took 7.080742597579956 seconds!
2024-06-18 11:27:16 - [F] Processing file Stechschulte, Donald MD - CV.pdf took 23.05431318283081 seconds
2024-06-18 11:27:17 - Notify frontend: {"filename": "Stechschulte, Donald MD - CV.pdf", "status": "processed"}


2024-06-18 11:36:50 - [*] Received file: Jamaldeen, Mohamed MD - CV 2023-08.pdf with type
2024-06-18 11:36:50 - [I] API key loaded successfully.
2024-06-18 11:36:50 - Notify frontend: {"filename": "Jamaldeen, Mohamed MD - CV 2023-08.pdf", "status": "in progress"}


2024-06-18 11:36:51 - [S] Pre-processing Jamaldeen, Mohamed MD - CV 2023-08.pdf...
2024-06-18 11:36:59 - [D] Extracting ResumeMetadata took 8.32485032081604 seconds for Jamaldeen, Mohamed MD - CV 2023-08.pdf | start_time:1718735811.5220444
2024-06-18 11:36:59 - [S] Extracting work experience Jamaldeen, Mohamed MD - CV 2023-08.pdf...
2024-06-18 11:36:59 - [S] Extracting licenses and certifications Jamaldeen, Mohamed MD - CV 2023-08.pdf...
2024-06-18 11:36:59 - [S] Extracting personal and educational details Jamaldeen, Mohamed MD - CV 2023-08.pdf...
2024-06-18 11:37:00 - [D] Extracting work experience took 0.6724817752838135 seconds for Jamaldeen, Mohamed MD - CV 2023-08.pdf | start_time:1718735819.8485496
2024-06-18 11:37:04 - [D] Extracting licenses and certifications took 4.631318092346191 seconds for Jamaldeen, Mohamed MD - CV 2023-08.pdf | start_time:1718735819.8570058
2024-06-18 11:37:05 - [D] Extracting personal and educational details took 6.069230318069458 seconds for Jamaldeen, Mohamed MD - CV 2023-08.pdf | start_time:1718735819.8656514
2024-06-18 11:37:05 - [F] Detail Extraction took 6.087791919708252 for Jamaldeen, Mohamed MD - CV 2023-08.pdf.
2024-06-18 11:37:05 - [S] Formatting the data!
2024-06-18 11:37:05 - [S] Formatting personal details Jamaldeen, Mohamed MD - CV 2023-08.pdf...
2024-06-18 11:37:05 - [S] Formatting educational details Jamaldeen, Mohamed MD - CV 2023-08.pdf...
2024-06-18 11:37:05 - [D] Formating educational details took 1.2159347534179688e-05 seconds for Jamaldeen, Mohamed MD - CV 2023-08.pdf | start_time:1718735825.9363945
2024-06-18 11:37:05 - [D] Formating personal details took 4.76837158203125e-06 seconds for Jamaldeen, Mohamed MD - CV 2023-08.pdf | start_time:1718735825.9366064
2024-06-18 11:37:05 - [S] Formatting work experience Jamaldeen, Mohamed MD - CV 2023-08.pdf...
2024-06-18 11:37:05 - [S] Formatting licenses and certifications Jamaldeen, Mohamed MD - CV 2023-08.pdf...
2024-06-18 11:37:05 - [D] Formating licenses and certifications took 1.6689300537109375e-05 seconds for Jamaldeen, Mohamed MD - CV 2023-08.pdf | start_time:1718735825.9408767
2024-06-18 11:37:24 - [D] Formating work experience took 18.202223777770996 seconds for Jamaldeen, Mohamed MD - CV 2023-08.pdf | start_time:1718735825.936742
2024-06-18 11:37:24 - [S] Formatting final template Jamaldeen, Mohamed MD - CV 2023-08.pdf...
2024-06-18 11:37:24 - [D] Formating final template took 5.0067901611328125e-06 seconds for Jamaldeen, Mohamed MD - CV 2023-08.pdf | start_time:1718735844.139681
2024-06-18 11:37:24 - [F] Formatting file Jamaldeen, Mohamed MD - CV 2023-08.pdf took 18.20391345024109 seconds!
2024-06-18 11:37:24 - [F] Processing file Jamaldeen, Mohamed MD - CV 2023-08.pdf took 33.02206516265869 seconds
2024-06-18 11:37:25 - Notify frontend: {"filename": "Jamaldeen, Mohamed MD - CV 2023-08.pdf", "status": "processed"}


2024-06-18 11:37:55 - [*] Received file: Jamaldeen, Mohamed MD - CV 2023-08.pdf with type
2024-06-18 11:37:55 - [I] API key loaded successfully.
2024-06-18 11:37:55 - Notify frontend: {"filename": "Jamaldeen, Mohamed MD - CV 2023-08.pdf", "status": "in progress"}


2024-06-18 11:37:56 - [S] Pre-processing Jamaldeen, Mohamed MD - CV 2023-08.pdf...
2024-06-18 11:38:03 - [D] Extracting ResumeMetadata took 6.6945481300354 seconds for Jamaldeen, Mohamed MD - CV 2023-08.pdf | start_time:1718735876.3380075
2024-06-18 11:38:03 - [S] Extracting work experience Jamaldeen, Mohamed MD - CV 2023-08.pdf...
2024-06-18 11:38:03 - [S] Extracting licenses and certifications Jamaldeen, Mohamed MD - CV 2023-08.pdf...
2024-06-18 11:38:03 - [S] Extracting personal and educational details Jamaldeen, Mohamed MD - CV 2023-08.pdf...
2024-06-18 11:38:04 - [D] Extracting work experience took 1.058612585067749 seconds for Jamaldeen, Mohamed MD - CV 2023-08.pdf | start_time:1718735883.033884
2024-06-18 11:38:06 - [D] Extracting licenses and certifications took 3.8142881393432617 seconds for Jamaldeen, Mohamed MD - CV 2023-08.pdf | start_time:1718735883.0413568
2024-06-18 11:38:07 - [D] Extracting personal and educational details took 4.3554112911224365 seconds for Jamaldeen, Mohamed MD - CV 2023-08.pdf | start_time:1718735883.050422
2024-06-18 11:38:07 - [F] Detail Extraction took 4.374017715454102 for Jamaldeen, Mohamed MD - CV 2023-08.pdf.
2024-06-18 11:38:07 - [S] Formatting the data!
2024-06-18 11:38:07 - [S] Formatting personal details Jamaldeen, Mohamed MD - CV 2023-08.pdf...
2024-06-18 11:38:07 - [D] Formating personal details took 7.62939453125e-06 seconds for Jamaldeen, Mohamed MD - CV 2023-08.pdf | start_time:1718735887.4091232
2024-06-18 11:38:07 - [S] Formatting educational details Jamaldeen, Mohamed MD - CV 2023-08.pdf...
2024-06-18 11:38:07 - [S] Formatting work experience Jamaldeen, Mohamed MD - CV 2023-08.pdf...
2024-06-18 11:38:07 - [S] Formatting licenses and certifications Jamaldeen, Mohamed MD - CV 2023-08.pdf...
2024-06-18 11:38:07 - [D] Formating licenses and certifications took 2.4557113647460938e-05 seconds for Jamaldeen, Mohamed MD - CV 2023-08.pdf | start_time:1718735887.4130259
2024-06-18 11:38:07 - [D] Formating educational details took 2.0742416381835938e-05 seconds for Jamaldeen, Mohamed MD - CV 2023-08.pdf | start_time:1718735887.420832
2024-06-18 11:38:40 - [D] Formating work experience took 32.799062728881836 seconds for Jamaldeen, Mohamed MD - CV 2023-08.pdf | start_time:1718735887.4111109
2024-06-18 11:38:40 - [S] Formatting final template Jamaldeen, Mohamed MD - CV 2023-08.pdf...
2024-06-18 11:38:40 - [D] Formating final template took 5.7220458984375e-06 seconds for Jamaldeen, Mohamed MD - CV 2023-08.pdf | start_time:1718735920.2109098
2024-06-18 11:38:40 - [F] Formatting file Jamaldeen, Mohamed MD - CV 2023-08.pdf took 32.80324077606201 seconds!
2024-06-18 11:38:40 - [F] Processing file Jamaldeen, Mohamed MD - CV 2023-08.pdf took 44.26963019371033 seconds
2024-06-18 11:38:41 - Notify frontend: {"filename": "Jamaldeen, Mohamed MD - CV 2023-08.pdf", "status": "processed"}


2024-06-18 23:10:57 - [I] Starting Application...
2024-06-19 00:09:39 - [I] Starting Application...
2024-06-20 01:05:45 - [I] Starting Application...
2024-06-20 09:46:47 - [I] Starting Application...
2024-06-20 10:03:25 - [I] Starting Application...
